{"name":"PDF verfication","status":"broken","statusDetails":{"known":false,"muted":false,"flaky":false,"message":"Cannot invoke \"String.length()\" because \"spec\" is null","trace":"java.net.MalformedURLException: Cannot invoke \"String.length()\" because \"spec\" is null\r\n\tat java.base/java.net.URL.<init>(URL.java:708)\r\n\tat java.base/java.net.URL.<init>(URL.java:569)\r\n\tat java.base/java.net.URL.<init>(URL.java:516)\r\n\tat com.cucumber.utilities.SelUtils.pdfReaderTest(SelUtils.java:141)\r\n\tat com.cucumber.stepdefinitions.PdfVerification.Validate_the_pdf_and_assert_the_sucessfully(PdfVerification.java:17)\r\n\tat ✽.Validate the PDF  and assert the sucessfully(file:///C:/Users/admin/git/Advanceautomationtask/cucumberframework/src/test/resources/Features/TC-07%20PDFVerification.feature:4)\r\nCaused by: java.lang.NullPointerException: Cannot invoke \"String.length()\" because \"spec\" is null\r\n\tat java.base/java.net.URL.<init>(URL.java:614)\r\n\tat java.base/java.net.URL.<init>(URL.java:569)\r\n\tat java.base/java.net.URL.<init>(URL.java:516)\r\n\tat com.cucumber.utilities.SelUtils.pdfReaderTest(SelUtils.java:141)\r\n\tat com.cucumber.stepdefinitions.PdfVerification.Validate_the_pdf_and_assert_the_sucessfully(PdfVerification.java:17)\r\n\tat java.base/jdk.internal.reflect.NativeMethodAccessorImpl.invoke0(Native Method)\r\n\tat java.base/jdk.internal.reflect.NativeMethodAccessorImpl.invoke(NativeMethodAccessorImpl.java:77)\r\n\tat java.base/jdk.internal.reflect.DelegatingMethodAccessorImpl.invoke(DelegatingMethodAccessorImpl.java:43)\r\n\tat java.base/java.lang.reflect.Method.invoke(Method.java:568)\r\n\tat io.cucumber.java.Invoker.invoke(Invoker.java:27)\r\n\tat io.cucumber.java.JavaStepDefinition.execute(JavaStepDefinition.java:27)\r\n\tat io.cucumber.core.runner.PickleStepDefinitionMatch.runStep(PickleStepDefinitionMatch.java:63)\r\n\tat io.cucumber.core.runner.TestStep.executeStep(TestStep.java:64)\r\n\tat io.cucumber.core.runner.TestStep.run(TestStep.java:49)\r\n\tat io.cucumber.core.runner.PickleStepTestStep.run(PickleStepTestStep.java:46)\r\n\tat io.cucumber.core.runner.TestCase.run(TestCase.java:51)\r\n\tat io.cucumber.core.runner.Runner.runPickle(Runner.java:67)\r\n\tat io.cucumber.junit.PickleRunners$NoStepDescriptions.run(PickleRunners.java:149)\r\n\tat io.cucumber.junit.FeatureRunner.runChild(FeatureRunner.java:83)\r\n\tat io.cucumber.junit.FeatureRunner.runChild(FeatureRunner.java:24)\r\n\tat org.junit.runners.ParentRunner$4.run(ParentRunner.java:331)\r\n\tat org.junit.runners.ParentRunner$1.schedule(ParentRunner.java:79)\r\n\tat org.junit.runners.ParentRunner.runChildren(ParentRunner.java:329)\r\n\tat org.junit.runners.ParentRunner.access$100(ParentRunner.java:66)\r\n\tat org.junit.runners.ParentRunner$2.evaluate(ParentRunner.java:293)\r\n\tat org.junit.runners.ParentRunner$3.evaluate(ParentRunner.java:306)\r\n\tat org.junit.runners.ParentRunner.run(ParentRunner.java:413)\r\n\tat io.cucumber.junit.Cucumber.runChild(Cucumber.java:185)\r\n\tat io.cucumber.junit.Cucumber.runChild(Cucumber.java:83)\r\n\tat org.junit.runners.ParentRunner$4.run(ParentRunner.java:331)\r\n\tat org.junit.runners.ParentRunner$1.schedule(ParentRunner.java:79)\r\n\tat org.junit.runners.ParentRunner.runChildren(ParentRunner.java:329)\r\n\tat org.junit.runners.ParentRunner.access$100(ParentRunner.java:66)\r\n\tat org.junit.runners.ParentRunner$2.evaluate(ParentRunner.java:293)\r\n\tat io.cucumber.junit.Cucumber$RunCucumber.evaluate(Cucumber.java:219)\r\n\tat org.junit.runners.ParentRunner$3.evaluate(ParentRunner.java:306)\r\n\tat org.junit.runners.ParentRunner.run(ParentRunner.java:413)\r\n\tat org.eclipse.jdt.internal.junit4.runner.JUnit4TestReference.run(JUnit4TestReference.java:93)\r\n\tat org.eclipse.jdt.internal.junit.runner.TestExecution.run(TestExecution.java:40)\r\n\tat org.eclipse.jdt.internal.junit.runner.RemoteTestRunner.runTests(RemoteTestRunner.java:529)\r\n\tat org.eclipse.jdt.internal.junit.runner.RemoteTestRunner.runTests(RemoteTestRunner.java:756)\r\n\tat org.eclipse.jdt.internal.junit.runner.RemoteTestRunner.run(RemoteTestRunner.java:452)\r\n\tat org.eclipse.jdt.internal.junit.runner.RemoteTestRunner.main(RemoteTestRunner.java:210)\r\n"},"stage":"finished","steps":[{"name":"Given  Validate the PDF  and assert the sucessfully","status":"broken","statusDetails":{"known":false,"muted":false,"flaky":false,"message":"Cannot invoke \"String.length()\" because \"spec\" is null","trace":"java.net.MalformedURLException: Cannot invoke \"String.length()\" because \"spec\" is null\r\n\tat java.base/java.net.URL.<init>(URL.java:708)\r\n\tat java.base/java.net.URL.<init>(URL.java:569)\r\n\tat java.base/java.net.URL.<init>(URL.java:516)\r\n\tat com.cucumber.utilities.SelUtils.pdfReaderTest(SelUtils.java:141)\r\n\tat com.cucumber.stepdefinitions.PdfVerification.Validate_the_pdf_and_assert_the_sucessfully(PdfVerification.java:17)\r\n\tat ✽.Validate the PDF  and assert the sucessfully(file:///C:/Users/admin/git/Advanceautomationtask/cucumberframework/src/test/resources/Features/TC-07%20PDFVerification.feature:4)\r\nCaused by: java.lang.NullPointerException: Cannot invoke \"String.length()\" because \"spec\" is null\r\n\tat java.base/java.net.URL.<init>(URL.java:614)\r\n\tat java.base/java.net.URL.<init>(URL.java:569)\r\n\tat java.base/java.net.URL.<init>(URL.java:516)\r\n\tat com.cucumber.utilities.SelUtils.pdfReaderTest(SelUtils.java:141)\r\n\tat com.cucumber.stepdefinitions.PdfVerification.Validate_the_pdf_and_assert_the_sucessfully(PdfVerification.java:17)\r\n\tat java.base/jdk.internal.reflect.NativeMethodAccessorImpl.invoke0(Native Method)\r\n\tat java.base/jdk.internal.reflect.NativeMethodAccessorImpl.invoke(NativeMethodAccessorImpl.java:77)\r\n\tat java.base/jdk.internal.reflect.DelegatingMethodAccessorImpl.invoke(DelegatingMethodAccessorImpl.java:43)\r\n\tat java.base/java.lang.reflect.Method.invoke(Method.java:568)\r\n\tat io.cucumber.java.Invoker.invoke(Invoker.java:27)\r\n\tat io.cucumber.java.JavaStepDefinition.execute(JavaStepDefinition.java:27)\r\n\tat io.cucumber.core.runner.PickleStepDefinitionMatch.runStep(PickleStepDefinitionMatch.java:63)\r\n\tat io.cucumber.core.runner.TestStep.executeStep(TestStep.java:64)\r\n\tat io.cucumber.core.runner.TestStep.run(TestStep.java:49)\r\n\tat io.cucumber.core.runner.PickleStepTestStep.run(PickleStepTestStep.java:46)\r\n\tat io.cucumber.core.runner.TestCase.run(TestCase.java:51)\r\n\tat io.cucumber.core.runner.Runner.runPickle(Runner.java:67)\r\n\tat io.cucumber.junit.PickleRunners$NoStepDescriptions.run(PickleRunners.java:149)\r\n\tat io.cucumber.junit.FeatureRunner.runChild(FeatureRunner.java:83)\r\n\tat io.cucumber.junit.FeatureRunner.runChild(FeatureRunner.java:24)\r\n\tat org.junit.runners.ParentRunner$4.run(ParentRunner.java:331)\r\n\tat org.junit.runners.ParentRunner$1.schedule(ParentRunner.java:79)\r\n\tat org.junit.runners.ParentRunner.runChildren(ParentRunner.java:329)\r\n\tat org.junit.runners.ParentRunner.access$100(ParentRunner.java:66)\r\n\tat org.junit.runners.ParentRunner$2.evaluate(ParentRunner.java:293)\r\n\tat org.junit.runners.ParentRunner$3.evaluate(ParentRunner.java:306)\r\n\tat org.junit.runners.ParentRunner.run(ParentRunner.java:413)\r\n\tat io.cucumber.junit.Cucumber.runChild(Cucumber.java:185)\r\n\tat io.cucumber.junit.Cucumber.runChild(Cucumber.java:83)\r\n\tat org.junit.runners.ParentRunner$4.run(ParentRunner.java:331)\r\n\tat org.junit.runners.ParentRunner$1.schedule(ParentRunner.java:79)\r\n\tat org.junit.runners.ParentRunner.runChildren(ParentRunner.java:329)\r\n\tat org.junit.runners.ParentRunner.access$100(ParentRunner.java:66)\r\n\tat org.junit.runners.ParentRunner$2.evaluate(ParentRunner.java:293)\r\n\tat io.cucumber.junit.Cucumber$RunCucumber.evaluate(Cucumber.java:219)\r\n\tat org.junit.runners.ParentRunner$3.evaluate(ParentRunner.java:306)\r\n\tat org.junit.runners.ParentRunner.run(ParentRunner.java:413)\r\n\tat org.eclipse.jdt.internal.junit4.runner.JUnit4TestReference.run(JUnit4TestReference.java:93)\r\n\tat org.eclipse.jdt.internal.junit.runner.TestExecution.run(TestExecution.java:40)\r\n\tat org.eclipse.jdt.internal.junit.runner.RemoteTestRunner.runTests(RemoteTestRunner.java:529)\r\n\tat org.eclipse.jdt.internal.junit.runner.RemoteTestRunner.runTests(RemoteTestRunner.java:756)\r\n\tat org.eclipse.jdt.internal.junit.runner.RemoteTestRunner.run(RemoteTestRunner.java:452)\r\n\tat org.eclipse.jdt.internal.junit.runner.RemoteTestRunner.main(RemoteTestRunner.java:210)\r\n"},"stage":"finished","steps":[],"attachments":[],"parameters":[],"start":1680634573210,"stop":1680634573220},{"name":"Then  Validate the  extract image from pdf","status":"skipped","statusDetails":{"known":false,"muted":false,"flaky":false},"stage":"finished","steps":[],"attachments":[],"parameters":[],"start":1680634573220,"stop":1680634573221}],"attachments":[],"parameters":[],"start":1680634573210,"stop":1680634573226,"uuid":"1c51d27b-d6dd-4c64-98b4-c2700ac3442b","historyId":"5de8295671cd1358afc194bc54d59837","fullName":"To validate the PDF verification Scenario: PDF verfication","labels":[{"name":"host","value":"Krishnan"},{"name":"thread","value":"4692@Krishnan.main(1)"},{"name":"feature","value":"To validate the PDF verification Scenario"},{"name":"story","value":"PDF verfication"},{"name":"suite","value":"To validate the PDF verification Scenario"},{"name":"testClass","value":"PDF verfication"},{"name":"framework","value":"cucumber4jvm"},{"name":"language","value":"java"},{"name":"gherkin_uri","value":"file:///C:/Users/admin/git/Advanceautomationtask/cucumberframework/src/test/resources/Features/TC-07%20PDFVerification.feature"},{"name":"package","value":"src.test.resources.Features.TC-07 PDFVerification_feature.To validate the PDF verification Scenario"}],"links":[]}